  Attachable.cpp
C:\Users\kubas\Desktop\PPProjekt\P2\Attachable.h(10,1): error C2059: błąd składniowy: „<<”
C:\Users\kubas\Desktop\PPProjekt\P2\Attachable.h(12,59): error C2238: nieoczekiwany(e) token(y) poprzedzający(e) ";"
C:\Users\kubas\Desktop\PPProjekt\P2\Attachable.h(13,1): error C2059: błąd składniowy: „>>”
C:\Users\kubas\Desktop\PPProjekt\P2\Attachable.h(14,1): error C2143: błąd składniowy: brakuje „;” przed „}”
C:\Users\kubas\Desktop\PPProjekt\P2\Attachable.h(14,1): error C2238: nieoczekiwany(e) token(y) poprzedzający(e) ";"
C:\Users\kubas\Desktop\PPProjekt\P2\Attachable.cpp(10,1): error C2059: błąd składniowy: „<<”
C:\Users\kubas\Desktop\PPProjekt\P2\Attachable.cpp(23,18): error C2039: „MoveWith”: Nie jest składową „Attachable”
C:\Users\kubas\Desktop\PPProjekt\P2\Attachable.h(4): message : zobacz deklarację „Attachable”
C:\Users\kubas\Desktop\PPProjekt\P2\Attachable.cpp(24,26): error C3861: "Move": identyfikatora nie odnaleziono
C:\Users\kubas\Desktop\PPProjekt\P2\Attachable.cpp(26,1): error C2059: błąd składniowy: „>>”
  Game.cpp
  Level.cpp
  Generowanie kodu...
